<?xml version="1.0" encoding="UTF-8"?>
<!-- Generated by org.testng.reporters.JUnitXMLReporter -->
<testsuite ignored="0" hostname="HP" failures="1" tests="2" name="Test" time="534.658" errors="0" timestamp="2022-05-22T23:29:47 IST">
  <testcase classname="begin.Test01" name="test002" time="197.906">
    <failure type="org.openqa.selenium.WebDriverException" message="An unknown server-side error occurred while processing the command. Original error: &amp;apos;POST /element/00000000-0000-0224-ffff-ffff00000035/click&amp;apos; cannot be proxied to UiAutomator2 server because the instrumentation process is not running (probably crashed). Check the server log and/or the logcat output for more details
Build info: version: &amp;apos;3.141.59&amp;apos;, revision: &amp;apos;e82be7d358&amp;apos;, time: &amp;apos;2018-11-14T08:17:03&amp;apos;
System info: host: &amp;apos;HP&amp;apos;, ip: &amp;apos;192.168.1.104&amp;apos;, os.name: &amp;apos;Windows 8.1&amp;apos;, os.arch: &amp;apos;amd64&amp;apos;, os.version: &amp;apos;6.3&amp;apos;, java.version: &amp;apos;16.0.2&amp;apos;
Driver info: io.appium.java_client.android.AndroidDriver
Capabilities {appActivity: .cal.CalculatorActivity, appPackage: com.miui.calculator, automationName: uiautomator2, databaseEnabled: false, desired: {appActivity: .cal.CalculatorActivity, appPackage: com.miui.calculator, automationName: uiautomator2, deviceType: phone, language: en, locale: US, noReset: true, platformName: android, udid: 192.168.1.106:5555}, deviceApiLevel: 28, deviceManufacturer: Xiaomi, deviceModel: Redmi Note 6 Pro, deviceName: 192.168.1.106:5555, deviceScreenDensity: 440, deviceScreenSize: 1080x2280, deviceType: phone, deviceUDID: 192.168.1.106:5555, javascriptEnabled: true, language: en, locale: US, locationContextEnabled: false, networkConnectionEnabled: true, noReset: true, pixelRatio: 2.75, platform: LINUX, platformName: ANDROID, platformVersion: 9, statBarHeight: 88, takesScreenshot: true, udid: 192.168.1.106:5555, viewportRect: {height: 1974, left: 0, top: 88, width: 1080}, warnings: {}, webStorageEnabled: false}
Session ID: d16c5974-237b-496d-b3b3-a4eb7f8bc90b">
      <![CDATA[org.openqa.selenium.WebDriverException: An unknown server-side error occurred while processing the command. Original error: 'POST /element/00000000-0000-0224-ffff-ffff00000035/click' cannot be proxied to UiAutomator2 server because the instrumentation process is not running (probably crashed). Check the server log and/or the logcat output for more details
Build info: version: '3.141.59', revision: 'e82be7d358', time: '2018-11-14T08:17:03'
System info: host: 'HP', ip: '192.168.1.104', os.name: 'Windows 8.1', os.arch: 'amd64', os.version: '6.3', java.version: '16.0.2'
Driver info: io.appium.java_client.android.AndroidDriver
Capabilities {appActivity: .cal.CalculatorActivity, appPackage: com.miui.calculator, automationName: uiautomator2, databaseEnabled: false, desired: {appActivity: .cal.CalculatorActivity, appPackage: com.miui.calculator, automationName: uiautomator2, deviceType: phone, language: en, locale: US, noReset: true, platformName: android, udid: 192.168.1.106:5555}, deviceApiLevel: 28, deviceManufacturer: Xiaomi, deviceModel: Redmi Note 6 Pro, deviceName: 192.168.1.106:5555, deviceScreenDensity: 440, deviceScreenSize: 1080x2280, deviceType: phone, deviceUDID: 192.168.1.106:5555, javascriptEnabled: true, language: en, locale: US, locationContextEnabled: false, networkConnectionEnabled: true, noReset: true, pixelRatio: 2.75, platform: LINUX, platformName: ANDROID, platformVersion: 9, statBarHeight: 88, takesScreenshot: true, udid: 192.168.1.106:5555, viewportRect: {height: 1974, left: 0, top: 88, width: 1080}, warnings: {}, webStorageEnabled: false}
Session ID: d16c5974-237b-496d-b3b3-a4eb7f8bc90b
at org.openqa.selenium.remote.http.W3CHttpResponseCodec.createException(W3CHttpResponseCodec.java:187)
at org.openqa.selenium.remote.http.W3CHttpResponseCodec.decode(W3CHttpResponseCodec.java:122)
at org.openqa.selenium.remote.http.W3CHttpResponseCodec.decode(W3CHttpResponseCodec.java:49)
at org.openqa.selenium.remote.HttpCommandExecutor.execute(HttpCommandExecutor.java:158)
at com.qaprosoft.carina.core.foundation.webdriver.listener.EventFiringAppiumCommandExecutor.execute(EventFiringAppiumCommandExecutor.java:153)
at org.openqa.selenium.remote.RemoteWebDriver.execute(RemoteWebDriver.java:552)
at io.appium.java_client.DefaultGenericMobileDriver.execute(DefaultGenericMobileDriver.java:41)
at io.appium.java_client.AppiumDriver.execute(AppiumDriver.java:1)
at io.appium.java_client.android.AndroidDriver.execute(AndroidDriver.java:1)
at org.openqa.selenium.remote.RemoteWebElement.execute(RemoteWebElement.java:285)
at io.appium.java_client.DefaultGenericMobileElement.execute(DefaultGenericMobileElement.java:45)
at io.appium.java_client.MobileElement.execute(MobileElement.java:1)
at io.appium.java_client.android.AndroidElement.execute(AndroidElement.java:1)
at org.openqa.selenium.remote.RemoteWebElement.click(RemoteWebElement.java:84)
at org.openqa.selenium.support.events.EventFiringWebDriver$EventFiringWebElement.lambda$new$0(EventFiringWebDriver.java:404)
at jdk.proxy2/jdk.proxy2.$Proxy32.click(Unknown Source)
at org.openqa.selenium.support.events.EventFiringWebDriver$EventFiringWebElement.click(EventFiringWebDriver.java:417)
at com.qaprosoft.carina.core.foundation.webdriver.decorator.ExtendedWebElement$1.doClick(ExtendedWebElement.java:1382)
at com.qaprosoft.carina.core.foundation.webdriver.decorator.ExtendedWebElement.executeAction(ExtendedWebElement.java:1255)
at com.qaprosoft.carina.core.foundation.webdriver.decorator.ExtendedWebElement.overrideAction(ExtendedWebElement.java:1376)
at com.qaprosoft.carina.core.foundation.webdriver.decorator.ExtendedWebElement.doAction(ExtendedWebElement.java:1361)
at com.qaprosoft.carina.core.foundation.webdriver.decorator.ExtendedWebElement.doAction(ExtendedWebElement.java:1339)
at com.qaprosoft.carina.core.foundation.webdriver.decorator.ExtendedWebElement.click(ExtendedWebElement.java:458)
at com.qaprosoft.carina.core.foundation.webdriver.decorator.ExtendedWebElement.click(ExtendedWebElement.java:447)
at com.qaprosoft.carina.core.foundation.webdriver.decorator.ExtendedWebElement.click(ExtendedWebElement.java:438)
at begin.Test01.test002(Test01.java:23)
at java.base/java.util.ArrayList.forEach(ArrayList.java:1511)
... Removed 36 stack frames]]>
    </failure>
  </testcase> <!-- test002 -->
  <testcase classname="begin.Test02" name="test002" time="331.37"/>
</testsuite> <!-- Test -->
