<?xml version="1.0" encoding="UTF-8"?>
<testng-results ignored="0" total="1" passed="1" failed="0" skipped="0">
  <reporter-output>
  </reporter-output>
  <suite started-at="2022-05-23T22:51:13 IST" name="Default suite" finished-at="2022-05-23T22:57:13 IST" duration-ms="359628">
    <groups>
    </groups>
    <test started-at="2022-05-23T22:51:13 IST" name="Default test" finished-at="2022-05-23T22:57:13 IST" duration-ms="359628">
      <class name="begin.Test01">
        <test-method signature="test002()[pri:0, instance:begin.Test01@4d204b30]" started-at="2022-05-23T22:51:13 IST" name="test002" finished-at="2022-05-23T22:57:11 IST" duration-ms="357523" status="PASS">
          <reporter-output>
          </reporter-output>
        </test-method> <!-- test002 -->
      </class> <!-- begin.Test01 -->
    </test> <!-- Default test -->
  </suite> <!-- Default suite -->
</testng-results>
